[12-May-2021 06:11:31 UTC] PHP Parse error:  syntax error, unexpected '}', expecting ',' or ';' in /Users/seanjoyce/Local Sites/fictional-university/app/public/wp-content/themes/fictional-university-theme/index.php on line 4
[12-May-2021 06:11:44 UTC] PHP Parse error:  syntax error, unexpected '}', expecting ',' or ';' in /Users/seanjoyce/Local Sites/fictional-university/app/public/wp-content/themes/fictional-university-theme/index.php on line 4
[12-May-2021 06:48:49 UTC] PHP Parse error:  syntax error, unexpected 'wp_enqueue_style' (T_STRING) in /Users/seanjoyce/Local Sites/fictional-university/app/public/wp-content/themes/fictional-university-theme/functions.php on line 5
[13-May-2021 05:21:49 UTC] PHP Parse error:  syntax error, unexpected '}', expecting ',' or ';' in /Users/seanjoyce/Local Sites/fictional-university/app/public/wp-content/themes/fictional-university-theme/page.php on line 23
[13-May-2021 05:22:51 UTC] PHP Parse error:  syntax error, unexpected '}', expecting ',' or ';' in /Users/seanjoyce/Local Sites/fictional-university/app/public/wp-content/themes/fictional-university-theme/page.php on line 22
[13-May-2021 05:22:55 UTC] PHP Parse error:  syntax error, unexpected '}', expecting end of file in /Users/seanjoyce/Local Sites/fictional-university/app/public/wp-content/themes/fictional-university-theme/page.php on line 44
[13-May-2021 05:23:10 UTC] PHP Parse error:  syntax error, unexpected '}', expecting end of file in /Users/seanjoyce/Local Sites/fictional-university/app/public/wp-content/themes/fictional-university-theme/page.php on line 44
[13-May-2021 05:23:15 UTC] PHP Fatal error:  Uncaught ArgumentCountError: Too few arguments to function wp_get_post_parent_id(), 0 passed in /Users/seanjoyce/Local Sites/fictional-university/app/public/wp-content/themes/fictional-university-theme/page.php on line 21 and exactly 1 expected in /Users/seanjoyce/Local Sites/fictional-university/app/public/wp-includes/post.php:7329
Stack trace:
#0 /Users/seanjoyce/Local Sites/fictional-university/app/public/wp-content/themes/fictional-university-theme/page.php(21): wp_get_post_parent_id()
#1 /Users/seanjoyce/Local Sites/fictional-university/app/public/wp-includes/template-loader.php(106): include('/Users/seanjoyc...')
#2 /Users/seanjoyce/Local Sites/fictional-university/app/public/wp-blog-header.php(19): require_once('/Users/seanjoyc...')
#3 /Users/seanjoyce/Local Sites/fictional-university/app/public/index.php(17): require('/Users/seanjoyc...')
#4 {main}
  thrown in /Users/seanjoyce/Local Sites/fictional-university/app/public/wp-includes/post.php on line 7329
[13-May-2021 05:23:39 UTC] PHP Parse error:  syntax error, unexpected ';', expecting ')' in /Users/seanjoyce/Local Sites/fictional-university/app/public/wp-content/themes/fictional-university-theme/page.php on line 21
[13-May-2021 05:24:46 UTC] PHP Parse error:  syntax error, unexpected '}', expecting ',' or ';' in /Users/seanjoyce/Local Sites/fictional-university/app/public/wp-content/themes/fictional-university-theme/page.php on line 23
[13-May-2021 05:47:42 UTC] PHP Parse error:  syntax error, unexpected ')' in /Users/seanjoyce/Local Sites/fictional-university/app/public/wp-content/themes/fictional-university-theme/page.php on line 31
[13-May-2021 05:48:15 UTC] PHP Parse error:  syntax error, unexpected ')' in /Users/seanjoyce/Local Sites/fictional-university/app/public/wp-content/themes/fictional-university-theme/page.php on line 31
[13-May-2021 05:57:34 UTC] PHP Fatal error:  Uncaught Error: Call to undefined function register_nav_manu() in /Users/seanjoyce/Local Sites/fictional-university/app/public/wp-content/themes/fictional-university-theme/functions.php:14
Stack trace:
#0 /Users/seanjoyce/Local Sites/fictional-university/app/public/wp-includes/class-wp-hook.php(292): university_features('')
#1 /Users/seanjoyce/Local Sites/fictional-university/app/public/wp-includes/class-wp-hook.php(316): WP_Hook->apply_filters('', Array)
#2 /Users/seanjoyce/Local Sites/fictional-university/app/public/wp-includes/plugin.php(484): WP_Hook->do_action(Array)
#3 /Users/seanjoyce/Local Sites/fictional-university/app/public/wp-settings.php(538): do_action('after_setup_the...')
#4 /Users/seanjoyce/Local Sites/fictional-university/app/public/wp-config.php(77): require_once('/Users/seanjoyc...')
#5 /Users/seanjoyce/Local Sites/fictional-university/app/public/wp-load.php(37): require_once('/Users/seanjoyc...')
#6 /Users/seanjoyce/Local Sites/fictional-university/app/public/wp-admin/admin-ajax.php(22):  in /Users/seanjoyce/Local Sites/fictional-university/app/public/wp-content/themes/fictional-university-theme/functions.php on line 14
[13-May-2021 05:57:35 UTC] PHP Fatal error:  Uncaught Error: Call to undefined function register_nav_manu() in /Users/seanjoyce/Local Sites/fictional-university/app/public/wp-content/themes/fictional-university-theme/functions.php:14
Stack trace:
#0 /Users/seanjoyce/Local Sites/fictional-university/app/public/wp-includes/class-wp-hook.php(292): university_features('')
#1 /Users/seanjoyce/Local Sites/fictional-university/app/public/wp-includes/class-wp-hook.php(316): WP_Hook->apply_filters('', Array)
#2 /Users/seanjoyce/Local Sites/fictional-university/app/public/wp-includes/plugin.php(484): WP_Hook->do_action(Array)
#3 /Users/seanjoyce/Local Sites/fictional-university/app/public/wp-settings.php(538): do_action('after_setup_the...')
#4 /Users/seanjoyce/Local Sites/fictional-university/app/public/wp-config.php(77): require_once('/Users/seanjoyc...')
#5 /Users/seanjoyce/Local Sites/fictional-university/app/public/wp-load.php(37): require_once('/Users/seanjoyc...')
#6 /Users/seanjoyce/Local Sites/fictional-university/app/public/wp-admin/admin.php(34): requi in /Users/seanjoyce/Local Sites/fictional-university/app/public/wp-content/themes/fictional-university-theme/functions.php on line 14
[13-May-2021 05:57:44 UTC] PHP Parse error:  syntax error, unexpected ',' in /Users/seanjoyce/Local Sites/fictional-university/app/public/wp-content/themes/fictional-university-theme/functions.php on line 13
[13-May-2021 05:58:10 UTC] PHP Parse error:  syntax error, unexpected ',' in /Users/seanjoyce/Local Sites/fictional-university/app/public/wp-content/themes/fictional-university-theme/functions.php on line 14
[13-May-2021 05:58:18 UTC] PHP Parse error:  syntax error, unexpected ',' in /Users/seanjoyce/Local Sites/fictional-university/app/public/wp-content/themes/fictional-university-theme/functions.php on line 13
[13-May-2021 05:58:23 UTC] PHP Parse error:  syntax error, unexpected ',' in /Users/seanjoyce/Local Sites/fictional-university/app/public/wp-content/themes/fictional-university-theme/functions.php on line 13
[13-May-2021 05:58:28 UTC] PHP Parse error:  syntax error, unexpected 'add_theme_support' (T_STRING) in /Users/seanjoyce/Local Sites/fictional-university/app/public/wp-content/themes/fictional-university-theme/functions.php on line 14
[13-May-2021 05:59:08 UTC] PHP Parse error:  syntax error, unexpected ',' in /Users/seanjoyce/Local Sites/fictional-university/app/public/wp-content/themes/fictional-university-theme/functions.php on line 14
[13-May-2021 06:06:26 UTC] PHP Parse error:  syntax error, unexpected ',' in /Users/seanjoyce/Local Sites/fictional-university/app/public/wp-content/themes/fictional-university-theme/functions.php on line 14
[13-May-2021 06:08:05 UTC] PHP Parse error:  syntax error, unexpected ',' in /Users/seanjoyce/Local Sites/fictional-university/app/public/wp-content/themes/fictional-university-theme/functions.php on line 14
[13-May-2021 06:08:06 UTC] PHP Parse error:  syntax error, unexpected ',' in /Users/seanjoyce/Local Sites/fictional-university/app/public/wp-content/themes/fictional-university-theme/functions.php on line 14
[13-May-2021 06:08:08 UTC] PHP Parse error:  syntax error, unexpected ',' in /Users/seanjoyce/Local Sites/fictional-university/app/public/wp-content/themes/fictional-university-theme/functions.php on line 14
[13-May-2021 06:08:12 UTC] PHP Parse error:  syntax error, unexpected ',' in /Users/seanjoyce/Local Sites/fictional-university/app/public/wp-content/themes/fictional-university-theme/functions.php on line 14
[13-May-2021 06:08:12 UTC] PHP Parse error:  syntax error, unexpected ',' in /Users/seanjoyce/Local Sites/fictional-university/app/public/wp-content/themes/fictional-university-theme/functions.php on line 14
[13-May-2021 06:36:14 UTC] PHP Parse error:  syntax error, unexpected 'in' (T_STRING) in /Users/seanjoyce/Local Sites/fictional-university/app/public/wp-content/themes/fictional-university-theme/index.php on line 22
[14-May-2021 05:22:48 UTC] PHP Fatal error:  Uncaught Error: Call to undefined function single_author_title() in /Users/seanjoyce/Local Sites/fictional-university/app/public/wp-content/themes/fictional-university-theme/archive.php:11
Stack trace:
#0 /Users/seanjoyce/Local Sites/fictional-university/app/public/wp-includes/template-loader.php(106): include()
#1 /Users/seanjoyce/Local Sites/fictional-university/app/public/wp-blog-header.php(19): require_once('/Users/seanjoyc...')
#2 /Users/seanjoyce/Local Sites/fictional-university/app/public/index.php(17): require('/Users/seanjoyc...')
#3 {main}
  thrown in /Users/seanjoyce/Local Sites/fictional-university/app/public/wp-content/themes/fictional-university-theme/archive.php on line 11
[14-May-2021 05:23:25 UTC] PHP Parse error:  syntax error, unexpected 'the_author' (T_STRING), expecting ',' or ';' in /Users/seanjoyce/Local Sites/fictional-university/app/public/wp-content/themes/fictional-university-theme/archive.php on line 11
[14-May-2021 05:57:52 UTC] PHP Parse error:  syntax error, unexpected '}' in /Users/seanjoyce/Local Sites/fictional-university/app/public/wp-content/themes/fictional-university-theme/front-page.php on line 52
[14-May-2021 06:05:29 UTC] PHP Parse error:  syntax error, unexpected ';' in /Users/seanjoyce/Local Sites/fictional-university/app/public/wp-content/themes/fictional-university-theme/front-page.php on line 53
[14-May-2021 06:05:46 UTC] PHP Parse error:  syntax error, unexpected ';' in /Users/seanjoyce/Local Sites/fictional-university/app/public/wp-content/themes/fictional-university-theme/front-page.php on line 53
[14-May-2021 06:05:48 UTC] PHP Parse error:  syntax error, unexpected ';' in /Users/seanjoyce/Local Sites/fictional-university/app/public/wp-content/themes/fictional-university-theme/front-page.php on line 53
[14-May-2021 06:06:04 UTC] PHP Parse error:  syntax error, unexpected ';' in /Users/seanjoyce/Local Sites/fictional-university/app/public/wp-content/themes/fictional-university-theme/front-page.php on line 53
[14-May-2021 06:06:05 UTC] PHP Parse error:  syntax error, unexpected ';' in /Users/seanjoyce/Local Sites/fictional-university/app/public/wp-content/themes/fictional-university-theme/front-page.php on line 53
[14-May-2021 06:06:05 UTC] PHP Parse error:  syntax error, unexpected ';' in /Users/seanjoyce/Local Sites/fictional-university/app/public/wp-content/themes/fictional-university-theme/front-page.php on line 53
[17-May-2021 05:40:48 UTC] PHP Warning:  call_user_func_array() expects parameter 1 to be a valid callback, function 'university_post_types' not found or invalid function name in /Users/seanjoyce/Local Sites/fictional-university/app/public/wp-includes/class-wp-hook.php on line 292
[17-May-2021 05:40:48 UTC] PHP Stack trace:
[17-May-2021 05:40:48 UTC] PHP   1. {main}() /Users/seanjoyce/Local Sites/fictional-university/app/public/wp-admin/admin-ajax.php:0
[17-May-2021 05:40:48 UTC] PHP   2. require_once() /Users/seanjoyce/Local Sites/fictional-university/app/public/wp-admin/admin-ajax.php:22
[17-May-2021 05:40:48 UTC] PHP   3. require_once() /Users/seanjoyce/Local Sites/fictional-university/app/public/wp-load.php:37
[17-May-2021 05:40:48 UTC] PHP   4. require_once() /Users/seanjoyce/Local Sites/fictional-university/app/public/wp-config.php:77
[17-May-2021 05:40:48 UTC] PHP   5. do_action() /Users/seanjoyce/Local Sites/fictional-university/app/public/wp-settings.php:560
[17-May-2021 05:40:48 UTC] PHP   6. WP_Hook->do_action() /Users/seanjoyce/Local Sites/fictional-university/app/public/wp-includes/plugin.php:484
[17-May-2021 05:40:48 UTC] PHP   7. WP_Hook->apply_filters() /Users/seanjoyce/Local Sites/fictional-university/app/public/wp-includes/class-wp-hook.php:316
[17-May-2021 05:40:49 UTC] PHP Warning:  call_user_func_array() expects parameter 1 to be a valid callback, function 'university_post_types' not found or invalid function name in /Users/seanjoyce/Local Sites/fictional-university/app/public/wp-includes/class-wp-hook.php on line 292
[17-May-2021 05:40:49 UTC] PHP Stack trace:
[17-May-2021 05:40:49 UTC] PHP   1. {main}() /Users/seanjoyce/Local Sites/fictional-university/app/public/wp-admin/edit.php:0
[17-May-2021 05:40:49 UTC] PHP   2. require_once() /Users/seanjoyce/Local Sites/fictional-university/app/public/wp-admin/edit.php:10
[17-May-2021 05:40:49 UTC] PHP   3. require_once() /Users/seanjoyce/Local Sites/fictional-university/app/public/wp-admin/admin.php:34
[17-May-2021 05:40:49 UTC] PHP   4. require_once() /Users/seanjoyce/Local Sites/fictional-university/app/public/wp-load.php:37
[17-May-2021 05:40:49 UTC] PHP   5. require_once() /Users/seanjoyce/Local Sites/fictional-university/app/public/wp-config.php:77
[17-May-2021 05:40:49 UTC] PHP   6. do_action() /Users/seanjoyce/Local Sites/fictional-university/app/public/wp-settings.php:560
[17-May-2021 05:40:49 UTC] PHP   7. WP_Hook->do_action() /Users/seanjoyce/Local Sites/fictional-university/app/public/wp-includes/plugin.php:484
[17-May-2021 05:40:49 UTC] PHP   8. WP_Hook->apply_filters() /Users/seanjoyce/Local Sites/fictional-university/app/public/wp-includes/class-wp-hook.php:316
[17-May-2021 05:40:49 UTC] PHP Warning:  call_user_func_array() expects parameter 1 to be a valid callback, function 'university_post_types' not found or invalid function name in /Users/seanjoyce/Local Sites/fictional-university/app/public/wp-includes/class-wp-hook.php on line 292
[17-May-2021 05:40:49 UTC] PHP Stack trace:
[17-May-2021 05:40:49 UTC] PHP   1. {main}() /Users/seanjoyce/Local Sites/fictional-university/app/public/wp-admin/admin-ajax.php:0
[17-May-2021 05:40:49 UTC] PHP   2. require_once() /Users/seanjoyce/Local Sites/fictional-university/app/public/wp-admin/admin-ajax.php:22
[17-May-2021 05:40:49 UTC] PHP   3. require_once() /Users/seanjoyce/Local Sites/fictional-university/app/public/wp-load.php:37
[17-May-2021 05:40:49 UTC] PHP   4. require_once() /Users/seanjoyce/Local Sites/fictional-university/app/public/wp-config.php:77
[17-May-2021 05:40:49 UTC] PHP   5. do_action() /Users/seanjoyce/Local Sites/fictional-university/app/public/wp-settings.php:560
[17-May-2021 05:40:49 UTC] PHP   6. WP_Hook->do_action() /Users/seanjoyce/Local Sites/fictional-university/app/public/wp-includes/plugin.php:484
[17-May-2021 05:40:49 UTC] PHP   7. WP_Hook->apply_filters() /Users/seanjoyce/Local Sites/fictional-university/app/public/wp-includes/class-wp-hook.php:316
[17-May-2021 05:40:49 UTC] PHP Warning:  call_user_func_array() expects parameter 1 to be a valid callback, function 'university_post_types' not found or invalid function name in /Users/seanjoyce/Local Sites/fictional-university/app/public/wp-includes/class-wp-hook.php on line 292
[17-May-2021 05:40:49 UTC] PHP Stack trace:
[17-May-2021 05:40:49 UTC] PHP   1. {main}() /Users/seanjoyce/Local Sites/fictional-university/app/public/index.php:0
[17-May-2021 05:40:49 UTC] PHP   2. require() /Users/seanjoyce/Local Sites/fictional-university/app/public/index.php:17
[17-May-2021 05:40:49 UTC] PHP   3. require_once() /Users/seanjoyce/Local Sites/fictional-university/app/public/wp-blog-header.php:13
[17-May-2021 05:40:49 UTC] PHP   4. require_once() /Users/seanjoyce/Local Sites/fictional-university/app/public/wp-load.php:37
[17-May-2021 05:40:49 UTC] PHP   5. require_once() /Users/seanjoyce/Local Sites/fictional-university/app/public/wp-config.php:77
[17-May-2021 05:40:49 UTC] PHP   6. do_action() /Users/seanjoyce/Local Sites/fictional-university/app/public/wp-settings.php:560
[17-May-2021 05:40:49 UTC] PHP   7. WP_Hook->do_action() /Users/seanjoyce/Local Sites/fictional-university/app/public/wp-includes/plugin.php:484
[17-May-2021 05:40:49 UTC] PHP   8. WP_Hook->apply_filters() /Users/seanjoyce/Local Sites/fictional-university/app/public/wp-includes/class-wp-hook.php:316
[17-May-2021 05:41:05 UTC] PHP Warning:  call_user_func_array() expects parameter 1 to be a valid callback, function 'university_post_types' not found or invalid function name in /Users/seanjoyce/Local Sites/fictional-university/app/public/wp-includes/class-wp-hook.php on line 292
[17-May-2021 05:41:05 UTC] PHP Stack trace:
[17-May-2021 05:41:05 UTC] PHP   1. {main}() /Users/seanjoyce/Local Sites/fictional-university/app/public/wp-admin/admin-ajax.php:0
[17-May-2021 05:41:05 UTC] PHP   2. require_once() /Users/seanjoyce/Local Sites/fictional-university/app/public/wp-admin/admin-ajax.php:22
[17-May-2021 05:41:05 UTC] PHP   3. require_once() /Users/seanjoyce/Local Sites/fictional-university/app/public/wp-load.php:37
[17-May-2021 05:41:05 UTC] PHP   4. require_once() /Users/seanjoyce/Local Sites/fictional-university/app/public/wp-config.php:77
[17-May-2021 05:41:05 UTC] PHP   5. do_action() /Users/seanjoyce/Local Sites/fictional-university/app/public/wp-settings.php:560
[17-May-2021 05:41:05 UTC] PHP   6. WP_Hook->do_action() /Users/seanjoyce/Local Sites/fictional-university/app/public/wp-includes/plugin.php:484
[17-May-2021 05:41:05 UTC] PHP   7. WP_Hook->apply_filters() /Users/seanjoyce/Local Sites/fictional-university/app/public/wp-includes/class-wp-hook.php:316
[17-May-2021 05:43:48 UTC] PHP Parse error:  syntax error, unexpected '}' in /Users/seanjoyce/Local Sites/fictional-university/app/public/wp-content/themes/fictional-university-theme/functions.php on line 35
[17-May-2021 05:43:48 UTC] PHP Parse error:  syntax error, unexpected '}' in /Users/seanjoyce/Local Sites/fictional-university/app/public/wp-content/themes/fictional-university-theme/functions.php on line 35
[17-May-2021 05:43:49 UTC] PHP Parse error:  syntax error, unexpected '}' in /Users/seanjoyce/Local Sites/fictional-university/app/public/wp-content/themes/fictional-university-theme/functions.php on line 35
[17-May-2021 06:08:07 UTC] PHP Parse error:  syntax error, unexpected ''has_archive'' (T_CONSTANT_ENCAPSED_STRING), expecting ')' in /Users/seanjoyce/Local Sites/fictional-university/app/public/wp-content/mu-plugins/post_types.php on line 7
[17-May-2021 06:08:07 UTC] PHP Parse error:  syntax error, unexpected ''has_archive'' (T_CONSTANT_ENCAPSED_STRING), expecting ')' in /Users/seanjoyce/Local Sites/fictional-university/app/public/wp-content/mu-plugins/post_types.php on line 7
[17-May-2021 06:08:15 UTC] PHP Parse error:  syntax error, unexpected ''has_archive'' (T_CONSTANT_ENCAPSED_STRING), expecting ')' in /Users/seanjoyce/Local Sites/fictional-university/app/public/wp-content/mu-plugins/post_types.php on line 7
[17-May-2021 06:08:15 UTC] PHP Parse error:  syntax error, unexpected ''has_archive'' (T_CONSTANT_ENCAPSED_STRING), expecting ')' in /Users/seanjoyce/Local Sites/fictional-university/app/public/wp-content/mu-plugins/post_types.php on line 7
[17-May-2021 06:08:22 UTC] PHP Parse error:  syntax error, unexpected ''has_archive'' (T_CONSTANT_ENCAPSED_STRING), expecting ')' in /Users/seanjoyce/Local Sites/fictional-university/app/public/wp-content/mu-plugins/post_types.php on line 7
[17-May-2021 06:08:22 UTC] PHP Parse error:  syntax error, unexpected ''has_archive'' (T_CONSTANT_ENCAPSED_STRING), expecting ')' in /Users/seanjoyce/Local Sites/fictional-university/app/public/wp-content/mu-plugins/post_types.php on line 7
[17-May-2021 06:08:23 UTC] PHP Parse error:  syntax error, unexpected ''has_archive'' (T_CONSTANT_ENCAPSED_STRING), expecting ')' in /Users/seanjoyce/Local Sites/fictional-university/app/public/wp-content/mu-plugins/post_types.php on line 7
[17-May-2021 06:08:24 UTC] PHP Parse error:  syntax error, unexpected ''has_archive'' (T_CONSTANT_ENCAPSED_STRING), expecting ')' in /Users/seanjoyce/Local Sites/fictional-university/app/public/wp-content/mu-plugins/post_types.php on line 7
[17-May-2021 06:10:13 UTC] PHP Fatal error:  Cannot redeclare university_post_types() (previously declared in /Users/seanjoyce/Local Sites/fictional-university/app/public/wp-content/mu-plugins/post_types.php:4) in /Users/seanjoyce/Local Sites/fictional-university/app/public/wp-content/mu-plugins/university-post-types.php on line 4
[17-May-2021 06:10:13 UTC] PHP Stack trace:
[17-May-2021 06:10:13 UTC] PHP   1. {main}() /Users/seanjoyce/Local Sites/fictional-university/app/public/index.php:0
[17-May-2021 06:10:13 UTC] PHP   2. require() /Users/seanjoyce/Local Sites/fictional-university/app/public/index.php:17
[17-May-2021 06:10:13 UTC] PHP   3. require_once() /Users/seanjoyce/Local Sites/fictional-university/app/public/wp-blog-header.php:13
[17-May-2021 06:10:13 UTC] PHP   4. require_once() /Users/seanjoyce/Local Sites/fictional-university/app/public/wp-load.php:37
[17-May-2021 06:10:13 UTC] PHP   5. require_once() /Users/seanjoyce/Local Sites/fictional-university/app/public/wp-config.php:77
[17-May-2021 06:10:13 UTC] PHP Fatal error:  Cannot redeclare university_post_types() (previously declared in /Users/seanjoyce/Local Sites/fictional-university/app/public/wp-content/mu-plugins/post_types.php:4) in /Users/seanjoyce/Local Sites/fictional-university/app/public/wp-content/mu-plugins/university-post-types.php on line 4
[17-May-2021 06:10:13 UTC] PHP Stack trace:
[17-May-2021 06:10:13 UTC] PHP   1. {main}() /Users/seanjoyce/Local Sites/fictional-university/app/public/index.php:0
[17-May-2021 06:10:13 UTC] PHP   2. require() /Users/seanjoyce/Local Sites/fictional-university/app/public/index.php:17
[17-May-2021 06:10:13 UTC] PHP   3. require_once() /Users/seanjoyce/Local Sites/fictional-university/app/public/wp-blog-header.php:13
[17-May-2021 06:10:13 UTC] PHP   4. require_once() /Users/seanjoyce/Local Sites/fictional-university/app/public/wp-load.php:37
[17-May-2021 06:10:13 UTC] PHP   5. require_once() /Users/seanjoyce/Local Sites/fictional-university/app/public/wp-config.php:77
[17-May-2021 06:10:45 UTC] PHP Fatal error:  Cannot redeclare university_post_types() (previously declared in /Users/seanjoyce/Local Sites/fictional-university/app/public/wp-content/mu-plugins/post_types.php:4) in /Users/seanjoyce/Local Sites/fictional-university/app/public/wp-content/mu-plugins/university-post-types.php on line 4
[17-May-2021 06:10:45 UTC] PHP Stack trace:
[17-May-2021 06:10:45 UTC] PHP   1. {main}() /Users/seanjoyce/Local Sites/fictional-university/app/public/index.php:0
[17-May-2021 06:10:45 UTC] PHP   2. require() /Users/seanjoyce/Local Sites/fictional-university/app/public/index.php:17
[17-May-2021 06:10:45 UTC] PHP   3. require_once() /Users/seanjoyce/Local Sites/fictional-university/app/public/wp-blog-header.php:13
[17-May-2021 06:10:45 UTC] PHP   4. require_once() /Users/seanjoyce/Local Sites/fictional-university/app/public/wp-load.php:37
[17-May-2021 06:10:45 UTC] PHP   5. require_once() /Users/seanjoyce/Local Sites/fictional-university/app/public/wp-config.php:77
[17-May-2021 06:10:45 UTC] PHP Fatal error:  Cannot redeclare university_post_types() (previously declared in /Users/seanjoyce/Local Sites/fictional-university/app/public/wp-content/mu-plugins/post_types.php:4) in /Users/seanjoyce/Local Sites/fictional-university/app/public/wp-content/mu-plugins/university-post-types.php on line 4
[17-May-2021 06:10:45 UTC] PHP Stack trace:
[17-May-2021 06:10:45 UTC] PHP   1. {main}() /Users/seanjoyce/Local Sites/fictional-university/app/public/index.php:0
[17-May-2021 06:10:45 UTC] PHP   2. require() /Users/seanjoyce/Local Sites/fictional-university/app/public/index.php:17
[17-May-2021 06:10:45 UTC] PHP   3. require_once() /Users/seanjoyce/Local Sites/fictional-university/app/public/wp-blog-header.php:13
[17-May-2021 06:10:45 UTC] PHP   4. require_once() /Users/seanjoyce/Local Sites/fictional-university/app/public/wp-load.php:37
[17-May-2021 06:10:45 UTC] PHP   5. require_once() /Users/seanjoyce/Local Sites/fictional-university/app/public/wp-config.php:77
[17-May-2021 06:10:46 UTC] PHP Fatal error:  Cannot redeclare university_post_types() (previously declared in /Users/seanjoyce/Local Sites/fictional-university/app/public/wp-content/mu-plugins/post_types.php:4) in /Users/seanjoyce/Local Sites/fictional-university/app/public/wp-content/mu-plugins/university-post-types.php on line 4
[17-May-2021 06:10:46 UTC] PHP Stack trace:
[17-May-2021 06:10:46 UTC] PHP   1. {main}() /Users/seanjoyce/Local Sites/fictional-university/app/public/index.php:0
[17-May-2021 06:10:46 UTC] PHP   2. require() /Users/seanjoyce/Local Sites/fictional-university/app/public/index.php:17
[17-May-2021 06:10:46 UTC] PHP   3. require_once() /Users/seanjoyce/Local Sites/fictional-university/app/public/wp-blog-header.php:13
[17-May-2021 06:10:46 UTC] PHP   4. require_once() /Users/seanjoyce/Local Sites/fictional-university/app/public/wp-load.php:37
[17-May-2021 06:10:46 UTC] PHP   5. require_once() /Users/seanjoyce/Local Sites/fictional-university/app/public/wp-config.php:77
[17-May-2021 06:10:46 UTC] PHP Fatal error:  Cannot redeclare university_post_types() (previously declared in /Users/seanjoyce/Local Sites/fictional-university/app/public/wp-content/mu-plugins/post_types.php:4) in /Users/seanjoyce/Local Sites/fictional-university/app/public/wp-content/mu-plugins/university-post-types.php on line 4
[17-May-2021 06:10:46 UTC] PHP Stack trace:
[17-May-2021 06:10:46 UTC] PHP   1. {main}() /Users/seanjoyce/Local Sites/fictional-university/app/public/index.php:0
[17-May-2021 06:10:46 UTC] PHP   2. require() /Users/seanjoyce/Local Sites/fictional-university/app/public/index.php:17
[17-May-2021 06:10:46 UTC] PHP   3. require_once() /Users/seanjoyce/Local Sites/fictional-university/app/public/wp-blog-header.php:13
[17-May-2021 06:10:46 UTC] PHP   4. require_once() /Users/seanjoyce/Local Sites/fictional-university/app/public/wp-load.php:37
[17-May-2021 06:10:46 UTC] PHP   5. require_once() /Users/seanjoyce/Local Sites/fictional-university/app/public/wp-config.php:77
[17-May-2021 06:10:46 UTC] PHP Fatal error:  Cannot redeclare university_post_types() (previously declared in /Users/seanjoyce/Local Sites/fictional-university/app/public/wp-content/mu-plugins/post_types.php:4) in /Users/seanjoyce/Local Sites/fictional-university/app/public/wp-content/mu-plugins/university-post-types.php on line 4
[17-May-2021 06:10:46 UTC] PHP Stack trace:
[17-May-2021 06:10:46 UTC] PHP   1. {main}() /Users/seanjoyce/Local Sites/fictional-university/app/public/index.php:0
[17-May-2021 06:10:46 UTC] PHP   2. require() /Users/seanjoyce/Local Sites/fictional-university/app/public/index.php:17
[17-May-2021 06:10:46 UTC] PHP   3. require_once() /Users/seanjoyce/Local Sites/fictional-university/app/public/wp-blog-header.php:13
[17-May-2021 06:10:46 UTC] PHP   4. require_once() /Users/seanjoyce/Local Sites/fictional-university/app/public/wp-load.php:37
[17-May-2021 06:10:46 UTC] PHP   5. require_once() /Users/seanjoyce/Local Sites/fictional-university/app/public/wp-config.php:77
[17-May-2021 06:10:46 UTC] PHP Fatal error:  Cannot redeclare university_post_types() (previously declared in /Users/seanjoyce/Local Sites/fictional-university/app/public/wp-content/mu-plugins/post_types.php:4) in /Users/seanjoyce/Local Sites/fictional-university/app/public/wp-content/mu-plugins/university-post-types.php on line 4
[17-May-2021 06:10:46 UTC] PHP Stack trace:
[17-May-2021 06:10:46 UTC] PHP   1. {main}() /Users/seanjoyce/Local Sites/fictional-university/app/public/index.php:0
[17-May-2021 06:10:46 UTC] PHP   2. require() /Users/seanjoyce/Local Sites/fictional-university/app/public/index.php:17
[17-May-2021 06:10:46 UTC] PHP   3. require_once() /Users/seanjoyce/Local Sites/fictional-university/app/public/wp-blog-header.php:13
[17-May-2021 06:10:46 UTC] PHP   4. require_once() /Users/seanjoyce/Local Sites/fictional-university/app/public/wp-load.php:37
[17-May-2021 06:10:46 UTC] PHP   5. require_once() /Users/seanjoyce/Local Sites/fictional-university/app/public/wp-config.php:77
[17-May-2021 06:10:47 UTC] PHP Fatal error:  Cannot redeclare university_post_types() (previously declared in /Users/seanjoyce/Local Sites/fictional-university/app/public/wp-content/mu-plugins/post_types.php:4) in /Users/seanjoyce/Local Sites/fictional-university/app/public/wp-content/mu-plugins/university-post-types.php on line 4
[17-May-2021 06:10:47 UTC] PHP Stack trace:
[17-May-2021 06:10:47 UTC] PHP   1. {main}() /Users/seanjoyce/Local Sites/fictional-university/app/public/index.php:0
[17-May-2021 06:10:47 UTC] PHP   2. require() /Users/seanjoyce/Local Sites/fictional-university/app/public/index.php:17
[17-May-2021 06:10:47 UTC] PHP   3. require_once() /Users/seanjoyce/Local Sites/fictional-university/app/public/wp-blog-header.php:13
[17-May-2021 06:10:47 UTC] PHP   4. require_once() /Users/seanjoyce/Local Sites/fictional-university/app/public/wp-load.php:37
[17-May-2021 06:10:47 UTC] PHP   5. require_once() /Users/seanjoyce/Local Sites/fictional-university/app/public/wp-config.php:77
[17-May-2021 06:10:47 UTC] PHP Fatal error:  Cannot redeclare university_post_types() (previously declared in /Users/seanjoyce/Local Sites/fictional-university/app/public/wp-content/mu-plugins/post_types.php:4) in /Users/seanjoyce/Local Sites/fictional-university/app/public/wp-content/mu-plugins/university-post-types.php on line 4
[17-May-2021 06:10:47 UTC] PHP Stack trace:
[17-May-2021 06:10:47 UTC] PHP   1. {main}() /Users/seanjoyce/Local Sites/fictional-university/app/public/index.php:0
[17-May-2021 06:10:47 UTC] PHP   2. require() /Users/seanjoyce/Local Sites/fictional-university/app/public/index.php:17
[17-May-2021 06:10:47 UTC] PHP   3. require_once() /Users/seanjoyce/Local Sites/fictional-university/app/public/wp-blog-header.php:13
[17-May-2021 06:10:47 UTC] PHP   4. require_once() /Users/seanjoyce/Local Sites/fictional-university/app/public/wp-load.php:37
[17-May-2021 06:10:47 UTC] PHP   5. require_once() /Users/seanjoyce/Local Sites/fictional-university/app/public/wp-config.php:77
[17-May-2021 17:55:26 UTC] PHP Parse error:  syntax error, unexpected '}', expecting ',' or ';' in /Users/seanjoyce/Local Sites/fictional-university/app/public/wp-content/themes/fictional-university-theme/front-page.php on line 68
[17-May-2021 17:55:29 UTC] PHP Parse error:  syntax error, unexpected '}', expecting ',' or ';' in /Users/seanjoyce/Local Sites/fictional-university/app/public/wp-content/themes/fictional-university-theme/front-page.php on line 68
[17-May-2021 17:55:43 UTC] PHP Warning:  Use of undefined constant has_excerpt - assumed 'has_excerpt' (this will throw an Error in a future version of PHP) in /Users/seanjoyce/Local Sites/fictional-university/app/public/wp-content/themes/fictional-university-theme/front-page.php on line 64
[17-May-2021 17:55:43 UTC] PHP Stack trace:
[17-May-2021 17:55:43 UTC] PHP   1. {main}() /Users/seanjoyce/Local Sites/fictional-university/app/public/index.php:0
[17-May-2021 17:55:43 UTC] PHP   2. require() /Users/seanjoyce/Local Sites/fictional-university/app/public/index.php:17
[17-May-2021 17:55:43 UTC] PHP   3. require_once() /Users/seanjoyce/Local Sites/fictional-university/app/public/wp-blog-header.php:19
[17-May-2021 17:55:43 UTC] PHP   4. include() /Users/seanjoyce/Local Sites/fictional-university/app/public/wp-includes/template-loader.php:106
[17-May-2021 17:55:43 UTC] PHP Warning:  Use of undefined constant has_excerpt - assumed 'has_excerpt' (this will throw an Error in a future version of PHP) in /Users/seanjoyce/Local Sites/fictional-university/app/public/wp-content/themes/fictional-university-theme/front-page.php on line 64
[17-May-2021 17:55:43 UTC] PHP Stack trace:
[17-May-2021 17:55:43 UTC] PHP   1. {main}() /Users/seanjoyce/Local Sites/fictional-university/app/public/index.php:0
[17-May-2021 17:55:43 UTC] PHP   2. require() /Users/seanjoyce/Local Sites/fictional-university/app/public/index.php:17
[17-May-2021 17:55:43 UTC] PHP   3. require_once() /Users/seanjoyce/Local Sites/fictional-university/app/public/wp-blog-header.php:19
[17-May-2021 17:55:43 UTC] PHP   4. include() /Users/seanjoyce/Local Sites/fictional-university/app/public/wp-includes/template-loader.php:106
[17-May-2021 17:58:02 UTC] PHP Parse error:  syntax error, unexpected ''rewrite'' (T_CONSTANT_ENCAPSED_STRING), expecting ')' in /Users/seanjoyce/Local Sites/fictional-university/app/public/wp-content/mu-plugins/university-post-types.php on line 7
[17-May-2021 17:58:03 UTC] PHP Parse error:  syntax error, unexpected ''rewrite'' (T_CONSTANT_ENCAPSED_STRING), expecting ')' in /Users/seanjoyce/Local Sites/fictional-university/app/public/wp-content/mu-plugins/university-post-types.php on line 7
[17-May-2021 17:58:03 UTC] PHP Parse error:  syntax error, unexpected ''rewrite'' (T_CONSTANT_ENCAPSED_STRING), expecting ')' in /Users/seanjoyce/Local Sites/fictional-university/app/public/wp-content/mu-plugins/university-post-types.php on line 7
[17-May-2021 17:58:03 UTC] PHP Parse error:  syntax error, unexpected ''rewrite'' (T_CONSTANT_ENCAPSED_STRING), expecting ')' in /Users/seanjoyce/Local Sites/fictional-university/app/public/wp-content/mu-plugins/university-post-types.php on line 7
[17-May-2021 18:37:19 UTC] PHP Warning:  date() expects at least 1 parameter, 0 given in /Users/seanjoyce/Local Sites/fictional-university/app/public/wp-content/themes/fictional-university-theme/front-page.php on line 32
[17-May-2021 18:37:19 UTC] PHP Stack trace:
[17-May-2021 18:37:19 UTC] PHP   1. {main}() /Users/seanjoyce/Local Sites/fictional-university/app/public/index.php:0
[17-May-2021 18:37:19 UTC] PHP   2. require() /Users/seanjoyce/Local Sites/fictional-university/app/public/index.php:17
[17-May-2021 18:37:19 UTC] PHP   3. require_once() /Users/seanjoyce/Local Sites/fictional-university/app/public/wp-blog-header.php:19
[17-May-2021 18:37:19 UTC] PHP   4. include() /Users/seanjoyce/Local Sites/fictional-university/app/public/wp-includes/template-loader.php:106
[17-May-2021 18:37:19 UTC] PHP   5. date() /Users/seanjoyce/Local Sites/fictional-university/app/public/wp-content/themes/fictional-university-theme/front-page.php:32
[17-May-2021 18:39:31 UTC] PHP Parse error:  syntax error, unexpected ';', expecting ')' in /Users/seanjoyce/Local Sites/fictional-university/app/public/wp-content/themes/fictional-university-theme/front-page.php on line 32
[17-May-2021 18:40:06 UTC] PHP Parse error:  syntax error, unexpected '$homepageEvents' (T_VARIABLE) in /Users/seanjoyce/Local Sites/fictional-university/app/public/wp-content/themes/fictional-university-theme/front-page.php on line 23
[17-May-2021 18:40:36 UTC] PHP Parse error:  syntax error, unexpected '$homepageEvents' (T_VARIABLE) in /Users/seanjoyce/Local Sites/fictional-university/app/public/wp-content/themes/fictional-university-theme/front-page.php on line 23
[17-May-2021 18:40:48 UTC] PHP Parse error:  syntax error, unexpected '$homepageEvents' (T_VARIABLE) in /Users/seanjoyce/Local Sites/fictional-university/app/public/wp-content/themes/fictional-university-theme/front-page.php on line 23
[17-May-2021 18:41:36 UTC] PHP Parse error:  syntax error, unexpected '$homepageEvents' (T_VARIABLE) in /Users/seanjoyce/Local Sites/fictional-university/app/public/wp-content/themes/fictional-university-theme/front-page.php on line 23
[17-May-2021 18:42:03 UTC] PHP Parse error:  syntax error, unexpected '$homepageEvents' (T_VARIABLE) in /Users/seanjoyce/Local Sites/fictional-university/app/public/wp-content/themes/fictional-university-theme/front-page.php on line 23
[17-May-2021 18:42:11 UTC] PHP Parse error:  syntax error, unexpected '$homepageEvents' (T_VARIABLE) in /Users/seanjoyce/Local Sites/fictional-university/app/public/wp-content/themes/fictional-university-theme/front-page.php on line 23
[17-May-2021 18:42:18 UTC] PHP Parse error:  syntax error, unexpected '$homepageEvents' (T_VARIABLE) in /Users/seanjoyce/Local Sites/fictional-university/app/public/wp-content/themes/fictional-university-theme/front-page.php on line 23
[17-May-2021 18:42:24 UTC] PHP Parse error:  syntax error, unexpected '$homepageEvents' (T_VARIABLE) in /Users/seanjoyce/Local Sites/fictional-university/app/public/wp-content/themes/fictional-university-theme/front-page.php on line 23
[17-May-2021 18:42:39 UTC] PHP Parse error:  syntax error, unexpected '=', expecting ')' in /Users/seanjoyce/Local Sites/fictional-university/app/public/wp-content/themes/fictional-university-theme/front-page.php on line 34
[17-May-2021 18:42:39 UTC] PHP Parse error:  syntax error, unexpected '=', expecting ')' in /Users/seanjoyce/Local Sites/fictional-university/app/public/wp-content/themes/fictional-university-theme/front-page.php on line 34
[17-May-2021 18:42:41 UTC] PHP Parse error:  syntax error, unexpected '=', expecting ')' in /Users/seanjoyce/Local Sites/fictional-university/app/public/wp-content/themes/fictional-university-theme/front-page.php on line 34
[18-May-2021 06:39:16 UTC] PHP Fatal error:  Uncaught Error: Call to a member function have_posts() on null in /Users/seanjoyce/Local Sites/fictional-university/app/public/wp-content/themes/fictional-university-theme/page-past-events.php:35
Stack trace:
#0 /Users/seanjoyce/Local Sites/fictional-university/app/public/wp-includes/template-loader.php(106): include()
#1 /Users/seanjoyce/Local Sites/fictional-university/app/public/wp-blog-header.php(19): require_once('/Users/seanjoyc...')
#2 /Users/seanjoyce/Local Sites/fictional-university/app/public/index.php(17): require('/Users/seanjoyc...')
#3 {main}
  thrown in /Users/seanjoyce/Local Sites/fictional-university/app/public/wp-content/themes/fictional-university-theme/page-past-events.php on line 35
[18-May-2021 06:41:17 UTC] PHP Parse error:  syntax error, unexpected ''post_type'' (T_CONSTANT_ENCAPSED_STRING), expecting ')' in /Users/seanjoyce/Local Sites/fictional-university/app/public/wp-content/themes/fictional-university-theme/page-past-events.php on line 21
[18-May-2021 06:46:04 UTC] PHP Parse error:  syntax error, unexpected '<', expecting end of file in /Users/seanjoyce/Local Sites/fictional-university/app/public/wp-content/themes/fictional-university-theme/archive-event.php on line 36
[18-May-2021 06:46:04 UTC] PHP Parse error:  syntax error, unexpected '<', expecting end of file in /Users/seanjoyce/Local Sites/fictional-university/app/public/wp-content/themes/fictional-university-theme/archive-event.php on line 36
[18-May-2021 17:50:56 UTC] PHP Warning:  Use of undefined constant the_post - assumed 'the_post' (this will throw an Error in a future version of PHP) in /Users/seanjoyce/Local Sites/fictional-university/app/public/wp-content/themes/fictional-university-theme/archive-program.php on line 18
[18-May-2021 17:50:56 UTC] PHP Stack trace:
[18-May-2021 17:50:56 UTC] PHP   1. {main}() /Users/seanjoyce/Local Sites/fictional-university/app/public/index.php:0
[18-May-2021 17:50:56 UTC] PHP   2. require() /Users/seanjoyce/Local Sites/fictional-university/app/public/index.php:17
[18-May-2021 17:50:56 UTC] PHP   3. require_once() /Users/seanjoyce/Local Sites/fictional-university/app/public/wp-blog-header.php:19
[18-May-2021 17:50:56 UTC] PHP   4. include() /Users/seanjoyce/Local Sites/fictional-university/app/public/wp-includes/template-loader.php:106
[18-May-2021 17:50:56 UTC] PHP Warning:  Use of undefined constant the_post - assumed 'the_post' (this will throw an Error in a future version of PHP) in /Users/seanjoyce/Local Sites/fictional-university/app/public/wp-content/themes/fictional-university-theme/archive-program.php on line 18
[18-May-2021 17:50:56 UTC] PHP Stack trace:
[18-May-2021 17:50:56 UTC] PHP   1. {main}() /Users/seanjoyce/Local Sites/fictional-university/app/public/index.php:0
[18-May-2021 17:50:56 UTC] PHP   2. require() /Users/seanjoyce/Local Sites/fictional-university/app/public/index.php:17
[18-May-2021 17:50:56 UTC] PHP   3. require_once() /Users/seanjoyce/Local Sites/fictional-university/app/public/wp-blog-header.php:19
[18-May-2021 17:50:56 UTC] PHP   4. include() /Users/seanjoyce/Local Sites/fictional-university/app/public/wp-includes/template-loader.php:106
[18-May-2021 17:50:56 UTC] PHP Warning:  Use of undefined constant the_post - assumed 'the_post' (this will throw an Error in a future version of PHP) in /Users/seanjoyce/Local Sites/fictional-university/app/public/wp-content/themes/fictional-university-theme/archive-program.php on line 18
[18-May-2021 17:50:56 UTC] PHP Stack trace:
[18-May-2021 17:50:56 UTC] PHP   1. {main}() /Users/seanjoyce/Local Sites/fictional-university/app/public/index.php:0
[18-May-2021 17:50:56 UTC] PHP   2. require() /Users/seanjoyce/Local Sites/fictional-university/app/public/index.php:17
[18-May-2021 17:50:56 UTC] PHP   3. require_once() /Users/seanjoyce/Local Sites/fictional-university/app/public/wp-blog-header.php:19
[18-May-2021 17:50:56 UTC] PHP   4. include() /Users/seanjoyce/Local Sites/fictional-university/app/public/wp-includes/template-loader.php:106
[18-May-2021 18:12:04 UTC] PHP Parse error:  syntax error, unexpected 'print_r' (T_STRING) in /Users/seanjoyce/Local Sites/fictional-university/app/public/wp-content/themes/fictional-university-theme/single-event.php on line 29
[18-May-2021 18:12:05 UTC] PHP Parse error:  syntax error, unexpected 'print_r' (T_STRING) in /Users/seanjoyce/Local Sites/fictional-university/app/public/wp-content/themes/fictional-university-theme/single-event.php on line 29
[18-May-2021 18:12:11 UTC] PHP Warning:  Use of undefined constant relatedPrograms - assumed 'relatedPrograms' (this will throw an Error in a future version of PHP) in /Users/seanjoyce/Local Sites/fictional-university/app/public/wp-content/themes/fictional-university-theme/single-event.php on line 29
[18-May-2021 18:12:11 UTC] PHP Stack trace:
[18-May-2021 18:12:11 UTC] PHP   1. {main}() /Users/seanjoyce/Local Sites/fictional-university/app/public/index.php:0
[18-May-2021 18:12:11 UTC] PHP   2. require() /Users/seanjoyce/Local Sites/fictional-university/app/public/index.php:17
[18-May-2021 18:12:11 UTC] PHP   3. require_once() /Users/seanjoyce/Local Sites/fictional-university/app/public/wp-blog-header.php:19
[18-May-2021 18:12:11 UTC] PHP   4. include() /Users/seanjoyce/Local Sites/fictional-university/app/public/wp-includes/template-loader.php:106
[18-May-2021 18:12:49 UTC] PHP Parse error:  syntax error, unexpected ')' in /Users/seanjoyce/Local Sites/fictional-university/app/public/wp-content/themes/fictional-university-theme/single-event.php on line 31
[18-May-2021 18:16:53 UTC] PHP Parse error:  syntax error, unexpected '<' in /Users/seanjoyce/Local Sites/fictional-university/app/public/wp-content/themes/fictional-university-theme/single-event.php on line 30
[18-May-2021 18:20:17 UTC] PHP Parse error:  syntax error, unexpected 'echo' (T_ECHO), expecting ',' or ';' in /Users/seanjoyce/Local Sites/fictional-university/app/public/wp-content/themes/fictional-university-theme/single-event.php on line 32
[18-May-2021 18:20:18 UTC] PHP Parse error:  syntax error, unexpected 'echo' (T_ECHO), expecting ',' or ';' in /Users/seanjoyce/Local Sites/fictional-university/app/public/wp-content/themes/fictional-university-theme/single-event.php on line 32
[18-May-2021 18:20:58 UTC] PHP Parse error:  syntax error, unexpected 'echo' (T_ECHO), expecting ',' or ';' in /Users/seanjoyce/Local Sites/fictional-university/app/public/wp-content/themes/fictional-university-theme/single-event.php on line 32
[18-May-2021 18:21:02 UTC] PHP Parse error:  syntax error, unexpected 'echo' (T_ECHO), expecting ',' or ';' in /Users/seanjoyce/Local Sites/fictional-university/app/public/wp-content/themes/fictional-university-theme/single-event.php on line 32
[18-May-2021 18:21:50 UTC] PHP Parse error:  syntax error, unexpected ')' in /Users/seanjoyce/Local Sites/fictional-university/app/public/wp-content/themes/fictional-university-theme/single-event.php on line 34
[18-May-2021 18:22:09 UTC] PHP Parse error:  syntax error, unexpected ';' in /Users/seanjoyce/Local Sites/fictional-university/app/public/wp-content/themes/fictional-university-theme/single-event.php on line 34
[18-May-2021 18:22:20 UTC] PHP Warning:  Invalid argument supplied for foreach() in /Users/seanjoyce/Local Sites/fictional-university/app/public/wp-content/themes/fictional-university-theme/single-event.php on line 35
[18-May-2021 18:22:20 UTC] PHP Stack trace:
[18-May-2021 18:22:20 UTC] PHP   1. {main}() /Users/seanjoyce/Local Sites/fictional-university/app/public/index.php:0
[18-May-2021 18:22:20 UTC] PHP   2. require() /Users/seanjoyce/Local Sites/fictional-university/app/public/index.php:17
[18-May-2021 18:22:20 UTC] PHP   3. require_once() /Users/seanjoyce/Local Sites/fictional-university/app/public/wp-blog-header.php:19
[18-May-2021 18:22:20 UTC] PHP   4. include() /Users/seanjoyce/Local Sites/fictional-university/app/public/wp-includes/template-loader.php:106
[18-May-2021 18:23:02 UTC] PHP Parse error:  syntax error, unexpected '!' in /Users/seanjoyce/Local Sites/fictional-university/app/public/wp-content/themes/fictional-university-theme/single-event.php on line 39
[19-May-2021 05:36:29 UTC] PHP Parse error:  syntax error, unexpected '=', expecting ')' in /Users/seanjoyce/Local Sites/fictional-university/app/public/wp-content/themes/fictional-university-theme/single-program.php on line 45
[19-May-2021 05:36:32 UTC] PHP Parse error:  syntax error, unexpected '=', expecting ')' in /Users/seanjoyce/Local Sites/fictional-university/app/public/wp-content/themes/fictional-university-theme/single-program.php on line 45
[19-May-2021 05:36:41 UTC] PHP Parse error:  syntax error, unexpected '=', expecting ')' in /Users/seanjoyce/Local Sites/fictional-university/app/public/wp-content/themes/fictional-university-theme/single-program.php on line 45
[19-May-2021 05:36:41 UTC] PHP Parse error:  syntax error, unexpected '=', expecting ')' in /Users/seanjoyce/Local Sites/fictional-university/app/public/wp-content/themes/fictional-university-theme/single-program.php on line 45
[19-May-2021 05:36:51 UTC] PHP Parse error:  syntax error, unexpected 'get_the_ID' (T_STRING), expecting ')' in /Users/seanjoyce/Local Sites/fictional-university/app/public/wp-content/themes/fictional-university-theme/single-program.php on line 47
[19-May-2021 05:42:05 UTC] PHP Parse error:  syntax error, unexpected '/' in /Users/seanjoyce/Local Sites/fictional-university/app/public/wp-content/themes/fictional-university-theme/single-program.php on line 51
[19-May-2021 05:42:09 UTC] PHP Parse error:  syntax error, unexpected '/' in /Users/seanjoyce/Local Sites/fictional-university/app/public/wp-content/themes/fictional-university-theme/single-program.php on line 51
[19-May-2021 05:43:06 UTC] PHP Parse error:  syntax error, unexpected 'echo' (T_ECHO), expecting ',' or ';' in /Users/seanjoyce/Local Sites/fictional-university/app/public/wp-content/themes/fictional-university-theme/single-program.php on line 52
[19-May-2021 05:43:08 UTC] PHP Parse error:  syntax error, unexpected 'echo' (T_ECHO), expecting ',' or ';' in /Users/seanjoyce/Local Sites/fictional-university/app/public/wp-content/themes/fictional-university-theme/single-program.php on line 52
[19-May-2021 05:43:40 UTC] PHP Parse error:  syntax error, unexpected ')' in /Users/seanjoyce/Local Sites/fictional-university/app/public/wp-content/themes/fictional-university-theme/single-program.php on line 51
[19-May-2021 05:43:51 UTC] PHP Parse error:  syntax error, unexpected end of file in /Users/seanjoyce/Local Sites/fictional-university/app/public/wp-content/themes/fictional-university-theme/single-program.php on line 91
[19-May-2021 05:43:57 UTC] PHP Parse error:  syntax error, unexpected end of file in /Users/seanjoyce/Local Sites/fictional-university/app/public/wp-content/themes/fictional-university-theme/single-program.php on line 91
[19-May-2021 05:44:40 UTC] PHP Parse error:  syntax error, unexpected end of file in /Users/seanjoyce/Local Sites/fictional-university/app/public/wp-content/themes/fictional-university-theme/single-program.php on line 91
[19-May-2021 05:45:32 UTC] PHP Parse error:  syntax error, unexpected end of file in /Users/seanjoyce/Local Sites/fictional-university/app/public/wp-content/themes/fictional-university-theme/single-program.php on line 91
[19-May-2021 06:06:55 UTC] PHP Parse error:  syntax error, unexpected '}', expecting end of file in /Users/seanjoyce/Local Sites/fictional-university/app/public/wp-content/themes/fictional-university-theme/single-program.php on line 135
[19-May-2021 06:09:27 UTC] PHP Parse error:  syntax error, unexpected '}', expecting end of file in /Users/seanjoyce/Local Sites/fictional-university/app/public/wp-content/themes/fictional-university-theme/single-program.php on line 107
[19-May-2021 06:16:34 UTC] PHP Parse error:  syntax error, unexpected ',' in /Users/seanjoyce/Local Sites/fictional-university/app/public/wp-content/themes/fictional-university-theme/functions.php on line 19
[19-May-2021 06:16:34 UTC] PHP Parse error:  syntax error, unexpected ',' in /Users/seanjoyce/Local Sites/fictional-university/app/public/wp-content/themes/fictional-university-theme/functions.php on line 19
[19-May-2021 06:16:35 UTC] PHP Parse error:  syntax error, unexpected ',' in /Users/seanjoyce/Local Sites/fictional-university/app/public/wp-content/themes/fictional-university-theme/functions.php on line 19
[19-May-2021 06:16:35 UTC] PHP Parse error:  syntax error, unexpected ',' in /Users/seanjoyce/Local Sites/fictional-university/app/public/wp-content/themes/fictional-university-theme/functions.php on line 19
[19-May-2021 06:16:35 UTC] PHP Parse error:  syntax error, unexpected ',' in /Users/seanjoyce/Local Sites/fictional-university/app/public/wp-content/themes/fictional-university-theme/functions.php on line 19
[20-May-2021 05:42:04 UTC] PHP Parse error:  syntax error, unexpected 'while' (T_WHILE), expecting ',' or ';' in /Users/seanjoyce/Local Sites/fictional-university/app/public/wp-content/themes/fictional-university-theme/single-program.php on line 50
[20-May-2021 05:42:22 UTC] PHP Parse error:  syntax error, unexpected 'while' (T_WHILE), expecting ',' or ';' in /Users/seanjoyce/Local Sites/fictional-university/app/public/wp-content/themes/fictional-university-theme/single-program.php on line 50
[20-May-2021 06:13:03 UTC] PHP Fatal error:  Uncaught Error: Call to undefined function get_the_field() in /Users/seanjoyce/Local Sites/fictional-university/app/public/wp-content/themes/fictional-university-theme/single-professor.php:13
Stack trace:
#0 /Users/seanjoyce/Local Sites/fictional-university/app/public/wp-includes/template-loader.php(106): include()
#1 /Users/seanjoyce/Local Sites/fictional-university/app/public/wp-blog-header.php(19): require_once('/Users/seanjoyc...')
#2 /Users/seanjoyce/Local Sites/fictional-university/app/public/index.php(17): require('/Users/seanjoyc...')
#3 {main}
  thrown in /Users/seanjoyce/Local Sites/fictional-university/app/public/wp-content/themes/fictional-university-theme/single-professor.php on line 13
[20-May-2021 06:13:08 UTC] PHP Fatal error:  Uncaught Error: Call to undefined function get_the_field() in /Users/seanjoyce/Local Sites/fictional-university/app/public/wp-content/themes/fictional-university-theme/single-professor.php:13
Stack trace:
#0 /Users/seanjoyce/Local Sites/fictional-university/app/public/wp-includes/template-loader.php(106): include()
#1 /Users/seanjoyce/Local Sites/fictional-university/app/public/wp-blog-header.php(19): require_once('/Users/seanjoyc...')
#2 /Users/seanjoyce/Local Sites/fictional-university/app/public/index.php(17): require('/Users/seanjoyc...')
#3 {main}
  thrown in /Users/seanjoyce/Local Sites/fictional-university/app/public/wp-content/themes/fictional-university-theme/single-professor.php on line 13
[20-May-2021 06:14:53 UTC] PHP Warning:  Use of undefined constant url - assumed 'url' (this will throw an Error in a future version of PHP) in /Users/seanjoyce/Local Sites/fictional-university/app/public/wp-content/themes/fictional-university-theme/single-professor.php on line 9
[20-May-2021 06:14:53 UTC] PHP Stack trace:
[20-May-2021 06:14:53 UTC] PHP   1. {main}() /Users/seanjoyce/Local Sites/fictional-university/app/public/index.php:0
[20-May-2021 06:14:53 UTC] PHP   2. require() /Users/seanjoyce/Local Sites/fictional-university/app/public/index.php:17
[20-May-2021 06:14:53 UTC] PHP   3. require_once() /Users/seanjoyce/Local Sites/fictional-university/app/public/wp-blog-header.php:19
[20-May-2021 06:14:53 UTC] PHP   4. include() /Users/seanjoyce/Local Sites/fictional-university/app/public/wp-includes/template-loader.php:106
[20-May-2021 06:14:54 UTC] PHP Warning:  Use of undefined constant url - assumed 'url' (this will throw an Error in a future version of PHP) in /Users/seanjoyce/Local Sites/fictional-university/app/public/wp-content/themes/fictional-university-theme/single-professor.php on line 9
[20-May-2021 06:14:54 UTC] PHP Stack trace:
[20-May-2021 06:14:54 UTC] PHP   1. {main}() /Users/seanjoyce/Local Sites/fictional-university/app/public/index.php:0
[20-May-2021 06:14:54 UTC] PHP   2. require() /Users/seanjoyce/Local Sites/fictional-university/app/public/index.php:17
[20-May-2021 06:14:54 UTC] PHP   3. require_once() /Users/seanjoyce/Local Sites/fictional-university/app/public/wp-blog-header.php:19
[20-May-2021 06:14:54 UTC] PHP   4. include() /Users/seanjoyce/Local Sites/fictional-university/app/public/wp-includes/template-loader.php:106
[20-May-2021 06:40:33 UTC] PHP Fatal error:  Uncaught Error: Call to undefined function pageBaner() in /Users/seanjoyce/Local Sites/fictional-university/app/public/wp-content/themes/fictional-university-theme/single-professor.php:8
Stack trace:
#0 /Users/seanjoyce/Local Sites/fictional-university/app/public/wp-includes/template-loader.php(106): include()
#1 /Users/seanjoyce/Local Sites/fictional-university/app/public/wp-blog-header.php(19): require_once('/Users/seanjoyc...')
#2 /Users/seanjoyce/Local Sites/fictional-university/app/public/index.php(17): require('/Users/seanjoyc...')
#3 {main}
  thrown in /Users/seanjoyce/Local Sites/fictional-university/app/public/wp-content/themes/fictional-university-theme/single-professor.php on line 8
[20-May-2021 06:40:35 UTC] PHP Fatal error:  Uncaught Error: Call to undefined function pageBaner() in /Users/seanjoyce/Local Sites/fictional-university/app/public/wp-content/themes/fictional-university-theme/single-professor.php:8
Stack trace:
#0 /Users/seanjoyce/Local Sites/fictional-university/app/public/wp-includes/template-loader.php(106): include()
#1 /Users/seanjoyce/Local Sites/fictional-university/app/public/wp-blog-header.php(19): require_once('/Users/seanjoyc...')
#2 /Users/seanjoyce/Local Sites/fictional-university/app/public/index.php(17): require('/Users/seanjoyc...')
#3 {main}
  thrown in /Users/seanjoyce/Local Sites/fictional-university/app/public/wp-content/themes/fictional-university-theme/single-professor.php on line 8
[20-May-2021 06:41:04 UTC] PHP Fatal error:  Uncaught Error: Call to undefined function pageBaner() in /Users/seanjoyce/Local Sites/fictional-university/app/public/wp-content/themes/fictional-university-theme/single-professor.php:8
Stack trace:
#0 /Users/seanjoyce/Local Sites/fictional-university/app/public/wp-includes/template-loader.php(106): include()
#1 /Users/seanjoyce/Local Sites/fictional-university/app/public/wp-blog-header.php(19): require_once('/Users/seanjoyc...')
#2 /Users/seanjoyce/Local Sites/fictional-university/app/public/index.php(17): require('/Users/seanjoyc...')
#3 {main}
  thrown in /Users/seanjoyce/Local Sites/fictional-university/app/public/wp-content/themes/fictional-university-theme/single-professor.php on line 8
[20-May-2021 06:42:02 UTC] PHP Fatal error:  Uncaught Error: Call to undefined function pageBaner() in /Users/seanjoyce/Local Sites/fictional-university/app/public/wp-content/themes/fictional-university-theme/single-professor.php:8
Stack trace:
#0 /Users/seanjoyce/Local Sites/fictional-university/app/public/wp-includes/template-loader.php(106): include()
#1 /Users/seanjoyce/Local Sites/fictional-university/app/public/wp-blog-header.php(19): require_once('/Users/seanjoyc...')
#2 /Users/seanjoyce/Local Sites/fictional-university/app/public/index.php(17): require('/Users/seanjoyc...')
#3 {main}
  thrown in /Users/seanjoyce/Local Sites/fictional-university/app/public/wp-content/themes/fictional-university-theme/single-professor.php on line 8
[20-May-2021 06:42:04 UTC] PHP Fatal error:  Uncaught Error: Call to undefined function pageBaner() in /Users/seanjoyce/Local Sites/fictional-university/app/public/wp-content/themes/fictional-university-theme/single-professor.php:8
Stack trace:
#0 /Users/seanjoyce/Local Sites/fictional-university/app/public/wp-includes/template-loader.php(106): include()
#1 /Users/seanjoyce/Local Sites/fictional-university/app/public/wp-blog-header.php(19): require_once('/Users/seanjoyc...')
#2 /Users/seanjoyce/Local Sites/fictional-university/app/public/index.php(17): require('/Users/seanjoyc...')
#3 {main}
  thrown in /Users/seanjoyce/Local Sites/fictional-university/app/public/wp-content/themes/fictional-university-theme/single-professor.php on line 8
